#
# A fatal error has been detected by the Java Runtime Environment:
#
#  EXCEPTION_ACCESS_VIOLATION (0xc0000005) at pc=0x0000000003025f94, pid=16376, tid=0x00000000000012f0
#
# JRE version: OpenJDK Runtime Environment (8.0_76-b03) (build 1.8.0_76-release-b03)
# Java VM: OpenJDK 64-Bit Server VM (25.76-b03 mixed mode windows-amd64 compressed oops)
# Problematic frame:
# J 2411 C1 com.android.dx.dex.code.DalvInsnList.getOutsSize()I (105 bytes) @ 0x0000000003025f94 [0x0000000003025d40+0x254]
#
# Failed to write core dump. Minidumps are not enabled by default on client versions of Windows
#
# If you would like to submit a bug report, please visit:
#   http://bugreport.java.com/bugreport/crash.jsp
#

---------------  T H R E A D  ---------------

Current thread (0x0000000000b6e000):  JavaThread "main" [_thread_in_Java, id=4848, stack(0x0000000002360000,0x0000000002460000)]

siginfo: ExceptionCode=0xc0000005, reading address 0x00000001000ab780

Registers:
RAX=0x00000000c098ee18, RBX=0x0000000000000002, RCX=0x0000000000009659, RDX=0x00000000eca275e0
RSP=0x000000000245ea10, RBP=0x000000000245ed68, RSI=0x00000001000ab750, RDI=0x000000010008b2c0
R8 =0x0000000000000044, R9 =0x00000000edc83750, R10=0x000000000000005e, R11=0x00000000eca275f8
R12=0x0000000000000000, R13=0x000000000245ed10, R14=0x000000000245edc0, R15=0x0000000000b6e000
RIP=0x0000000003025f94, EFLAGS=0x0000000000010206

Top of Stack: (sp=0x000000000245ea10)
0x000000000245ea10:   00000000148ec2a8 0000000000000000
0x000000000245ea20:   00000000c072f430 00000000edbef530
0x000000000245ea30:   000000000303e0d4 00000000c09921d0
0x000000000245ea40:   00000000ece0d440 00000000c0992198
0x000000000245ea50:   0000004400000002 00000000eca275e0
0x000000000245ea60:   000000000000005e 00000000ece0d440
0x000000000245ea70:   000000000245ed68 0000000003039194
0x000000000245ea80:   0000000000000000 0000000000000000
0x000000000245ea90:   0000000000000000 0000000000000000
0x000000000245eaa0:   0000000000000000 0000000000000000
0x000000000245eab0:   004f002f0067006e 0000000000000000
0x000000000245eac0:   0000000000000000 0000000000000000
0x000000000245ead0:   cafebabecafebabe 0000000000000000
0x000000000245eae0:   0000000000000000 0000000000000000
0x000000000245eaf0:   0000000000000000 0000000000000000
0x000000000245eb00:   0000000000000000 0000000000000000 

Instructions: (pc=0x0000000003025f94)
0x0000000003025f74:   81 8e 80 01 00 00 00 01 00 00 e9 c1 00 00 00 48
0x0000000003025f84:   bf c0 b2 08 00 01 00 00 00 8b 70 08 48 c1 e6 03
0x0000000003025f94:   48 3b 7e 30 0f 85 8a 00 00 00 48 be 10 bd 93 14
0x0000000003025fa4:   00 00 00 00 8b 78 08 48 c1 e7 03 48 3b be 90 01 


Register to memory mapping:

RAX=
[error occurred during error reporting (printing register info), id 0xc0000005]

Stack: [0x0000000002360000,0x0000000002460000],  sp=0x000000000245ea10,  free space=1018k
Native frames: (J=compiled Java code, j=interpreted, Vv=VM code, C=native code)
C  0x0000000003025f94


---------------  P R O C E S S  ---------------

Java Threads: ( => current thread )
  0x00000000164bd000 JavaThread "Service Thread" daemon [_thread_blocked, id=16364, stack(0x00000000169b0000,0x0000000016ab0000)]
  0x0000000014c8d800 JavaThread "C1 CompilerThread2" daemon [_thread_blocked, id=1976, stack(0x00000000168b0000,0x00000000169b0000)]
  0x0000000014c2a000 JavaThread "C2 CompilerThread1" daemon [_thread_blocked, id=14724, stack(0x00000000163b0000,0x00000000164b0000)]
  0x0000000014c39000 JavaThread "C2 CompilerThread0" daemon [_thread_blocked, id=9296, stack(0x00000000162b0000,0x00000000163b0000)]
  0x0000000014c36800 JavaThread "Attach Listener" daemon [_thread_blocked, id=1032, stack(0x00000000161b0000,0x00000000162b0000)]
  0x0000000014c35800 JavaThread "Signal Dispatcher" daemon [_thread_blocked, id=15520, stack(0x00000000160b0000,0x00000000161b0000)]
  0x000000000255b800 JavaThread "Finalizer" daemon [_thread_blocked, id=11556, stack(0x0000000015ea0000,0x0000000015fa0000)]
  0x0000000002550800 JavaThread "Reference Handler" daemon [_thread_blocked, id=12932, stack(0x0000000015da0000,0x0000000015ea0000)]
=>0x0000000000b6e000 JavaThread "main" [_thread_in_Java, id=4848, stack(0x0000000002360000,0x0000000002460000)]

Other Threads:
  0x0000000014bf5000 VMThread [stack: 0x0000000015ca0000,0x0000000015da0000] [id=7084]
  0x00000000164be000 WatcherThread [stack: 0x0000000016ab0000,0x0000000016bb0000] [id=15068]

VM state:synchronizing (normal execution)

VM Mutex/Monitor currently owned by a thread:  ([mutex/lock_event])
[0x0000000000b6d2c0] Safepoint_lock - owner thread: 0x0000000014bf5000
[0x0000000000b6d140] Threads_lock - owner thread: 0x0000000014bf5000

Heap:
 PSYoungGen      total 52736K, used 39523K [0x00000000eab00000, 0x00000000f1200000, 0x0000000100000000)
  eden space 49152K, 73% used [0x00000000eab00000,0x00000000ece18df0,0x00000000edb00000)
  from space 3584K, 100% used [0x00000000edb00000,0x00000000ede80000,0x00000000ede80000)
  to   space 3584K, 0% used [0x00000000f0e80000,0x00000000f0e80000,0x00000000f1200000)
 ParOldGen       total 64512K, used 12502K [0x00000000c0000000, 0x00000000c3f00000, 0x00000000eab00000)
  object space 64512K, 19% used [0x00000000c0000000,0x00000000c0c35810,0x00000000c3f00000)
 Metaspace       used 6794K, capacity 7480K, committed 7552K, reserved 1056768K
  class space    used 617K, capacity 624K, committed 640K, reserved 1048576K

Card table byte_map: [0x0000000011920000,0x0000000011b30000] byte_map_base: 0x0000000011320000

Marking Bits: (ParMarkBitMap*) 0x0000000053949d00
 Begin Bits: [0x0000000012090000, 0x0000000013090000)
 End Bits:   [0x0000000013090000, 0x0000000014090000)

Polling page: 0x0000000000b70000

CodeCache: size=245760Kb used=11172Kb max_used=11182Kb free=234587Kb
 bounds [0x0000000002560000, 0x0000000003060000, 0x0000000011560000]
 total_blobs=2689 nmethods=2419 adapters=183
 compilation: enabled

Compilation events (10 events):
Event: 17.004 Thread 0x0000000014c2a000 nmethod 2428 0x0000000003044a10 code [0x0000000003044b40, 0x0000000003044bf8]
Event: 17.005 Thread 0x0000000014c8d800 2429   !   3       com.android.dx.dex.file.CodeItem::writeCodes (50 bytes)
Event: 17.005 Thread 0x0000000014c39000 nmethod 2420 0x00000000030532d0 code [0x0000000003053560, 0x0000000003055bd0]
Event: 17.005 Thread 0x0000000014c8d800 nmethod 2429 0x0000000003045090 code [0x00000000030452a0, 0x0000000003045ce8]
Event: 17.005 Thread 0x0000000014c8d800 2430       3       com.android.dx.dex.file.CatchStructs::finishProcessingIfNecessary (19 bytes)
Event: 17.005 Thread 0x0000000014c8d800 nmethod 2430 0x0000000003047e50 code [0x0000000003047fc0, 0x00000000030482a8]
Event: 17.006 Thread 0x0000000014c2a000 2431       4       com.android.dx.rop.type.StdTypeList::getWordCount (33 bytes)
Event: 17.007 Thread 0x0000000014c8d800 2432       3       com.android.dx.dex.code.form.Form12x::writeTo (45 bytes)
Event: 17.007 Thread 0x0000000014c2a000 nmethod 2431 0x0000000003044590 code [0x00000000030446e0, 0x0000000003044818]
Event: 17.007 Thread 0x0000000014c8d800 nmethod 2432 0x0000000003046dd0 code [0x0000000003046fc0, 0x0000000003047a28]

GC Heap History (6 events):
Event: 2.093 GC heap before
{Heap before GC invocations=1 (full 0):
 PSYoungGen      total 28160K, used 24576K [0x00000000eab00000, 0x00000000eca00000, 0x0000000100000000)
  eden space 24576K, 100% used [0x00000000eab00000,0x00000000ec300000,0x00000000ec300000)
  from space 3584K, 0% used [0x00000000ec680000,0x00000000ec680000,0x00000000eca00000)
  to   space 3584K, 0% used [0x00000000ec300000,0x00000000ec300000,0x00000000ec680000)
 ParOldGen       total 64512K, used 0K [0x00000000c0000000, 0x00000000c3f00000, 0x00000000eab00000)
  object space 64512K, 0% used [0x00000000c0000000,0x00000000c0000000,0x00000000c3f00000)
 Metaspace       used 5874K, capacity 6832K, committed 7040K, reserved 1056768K
  class space    used 574K, capacity 616K, committed 640K, reserved 1048576K
Event: 2.319 GC heap after
Heap after GC invocations=1 (full 0):
 PSYoungGen      total 28160K, used 3572K [0x00000000eab00000, 0x00000000ee200000, 0x0000000100000000)
  eden space 24576K, 0% used [0x00000000eab00000,0x00000000eab00000,0x00000000ec300000)
  from space 3584K, 99% used [0x00000000ec300000,0x00000000ec67d038,0x00000000ec680000)
  to   space 3584K, 0% used [0x00000000ede80000,0x00000000ede80000,0x00000000ee200000)
 ParOldGen       total 64512K, used 1455K [0x00000000c0000000, 0x00000000c3f00000, 0x00000000eab00000)
  object space 64512K, 2% used [0x00000000c0000000,0x00000000c016bfd8,0x00000000c3f00000)
 Metaspace       used 5874K, capacity 6832K, committed 7040K, reserved 1056768K
  class space    used 574K, capacity 616K, committed 640K, reserved 1048576K
}
Event: 4.137 GC heap before
{Heap before GC invocations=2 (full 0):
 PSYoungGen      total 28160K, used 28148K [0x00000000eab00000, 0x00000000ee200000, 0x0000000100000000)
  eden space 24576K, 100% used [0x00000000eab00000,0x00000000ec300000,0x00000000ec300000)
  from space 3584K, 99% used [0x00000000ec300000,0x00000000ec67d038,0x00000000ec680000)
  to   space 3584K, 0% used [0x00000000ede80000,0x00000000ede80000,0x00000000ee200000)
 ParOldGen       total 64512K, used 1455K [0x00000000c0000000, 0x00000000c3f00000, 0x00000000eab00000)
  object space 64512K, 2% used [0x00000000c0000000,0x00000000c016bfd8,0x00000000c3f00000)
 Metaspace       used 6077K, capacity 7024K, committed 7296K, reserved 1056768K
  class space    used 574K, capacity 616K, committed 640K, reserved 1048576K
Event: 4.888 GC heap after
Heap after GC invocations=2 (full 0):
 PSYoungGen      total 52736K, used 3581K [0x00000000eab00000, 0x00000000ee200000, 0x0000000100000000)
  eden space 49152K, 0% used [0x00000000eab00000,0x00000000eab00000,0x00000000edb00000)
  from space 3584K, 99% used [0x00000000ede80000,0x00000000ee1ff660,0x00000000ee200000)
  to   space 3584K, 0% used [0x00000000edb00000,0x00000000edb00000,0x00000000ede80000)
 ParOldGen       total 64512K, used 4935K [0x00000000c0000000, 0x00000000c3f00000, 0x00000000eab00000)
  object space 64512K, 7% used [0x00000000c0000000,0x00000000c04d1c10,0x00000000c3f00000)
 Metaspace       used 6077K, capacity 7024K, committed 7296K, reserved 1056768K
  class space    used 574K, capacity 616K, committed 640K, reserved 1048576K
}
Event: 9.522 GC heap before
{Heap before GC invocations=3 (full 0):
 PSYoungGen      total 52736K, used 52733K [0x00000000eab00000, 0x00000000ee200000, 0x0000000100000000)
  eden space 49152K, 100% used [0x00000000eab00000,0x00000000edb00000,0x00000000edb00000)
  from space 3584K, 99% used [0x00000000ede80000,0x00000000ee1ff660,0x00000000ee200000)
  to   space 3584K, 0% used [0x00000000edb00000,0x00000000edb00000,0x00000000ede80000)
 ParOldGen       total 64512K, used 4935K [0x00000000c0000000, 0x00000000c3f00000, 0x00000000eab00000)
  object space 64512K, 7% used [0x00000000c0000000,0x00000000c04d1c10,0x00000000c3f00000)
 Metaspace       used 6209K, capacity 7088K, committed 7296K, reserved 1056768K
  class space    used 575K, capacity 616K, committed 640K, reserved 1048576K
Event: 10.338 GC heap after
Heap after GC invocations=3 (full 0):
 PSYoungGen      total 52736K, used 3584K [0x00000000eab00000, 0x00000000f1200000, 0x0000000100000000)
  eden space 49152K, 0% used [0x00000000eab00000,0x00000000eab00000,0x00000000edb00000)
  from space 3584K, 100% used [0x00000000edb00000,0x00000000ede80000,0x00000000ede80000)
  to   space 3584K, 0% used [0x00000000f0e80000,0x00000000f0e80000,0x00000000f1200000)
 ParOldGen       total 64512K, used 12502K [0x00000000c0000000, 0x00000000c3f00000, 0x00000000eab00000)
  object space 64512K, 19% used [0x00000000c0000000,0x00000000c0c35810,0x00000000c3f00000)
 Metaspace       used 6209K, capacity 7088K, committed 7296K, reserved 1056768K
  class space    used 575K, capacity 616K, committed 640K, reserved 1048576K
}

Deoptimization events (10 events):
Event: 15.407 Thread 0x0000000000b6e000 Uncommon trap: reason=bimorphic action=maybe_recompile pc=0x0000000002a275fc method=java.util.HashMap.putVal(ILjava/lang/Object;Ljava/lang/Object;ZZ)Ljava/lang/Object; @ 203
Event: 15.459 Thread 0x0000000000b6e000 Uncommon trap: reason=bimorphic action=maybe_recompile pc=0x0000000002a275fc method=java.util.HashMap.putVal(ILjava/lang/Object;Ljava/lang/Object;ZZ)Ljava/lang/Object; @ 203
Event: 15.460 Thread 0x0000000000b6e000 Uncommon trap: reason=bimorphic action=maybe_recompile pc=0x0000000002a275fc method=java.util.HashMap.putVal(ILjava/lang/Object;Ljava/lang/Object;ZZ)Ljava/lang/Object; @ 203
Event: 15.757 Thread 0x0000000000b6e000 Uncommon trap: reason=unstable_if action=reinterpret pc=0x0000000002ec7a14 method=com.android.dx.dex.code.OutputFinisher.addConstants(Ljava/util/HashSet;Lcom/android/dx/rop/code/RegisterSpec;)V @ 32
Event: 16.169 Thread 0x0000000000b6e000 Uncommon trap: reason=unstable_if action=reinterpret pc=0x0000000002c53aec method=java.util.TreeMap.put(Ljava/lang/Object;Ljava/lang/Object;)Ljava/lang/Object; @ 163
Event: 16.341 Thread 0x0000000000b6e000 Uncommon trap: reason=unstable_if action=reinterpret pc=0x0000000002f21bc0 method=com.android.dx.dex.code.OutputFinisher.findOpcodeForInsn(Lcom/android/dx/dex/code/DalvInsn;Lcom/android/dx/dex/code/Dop;)Lcom/android/dx/dex/code/Dop; @ 1
Event: 16.359 Thread 0x0000000000b6e000 Uncommon trap: reason=unstable_if action=reinterpret pc=0x0000000002f4ebb4 method=com.android.dx.dex.code.LocalList$MakeState.filterSpec(Lcom/android/dx/rop/code/RegisterSpec;)Lcom/android/dx/rop/code/RegisterSpec; @ 11
Event: 16.474 Thread 0x0000000000b6e000 Uncommon trap: reason=unstable_if action=reinterpret pc=0x0000000002f3acd4 method=com.android.dx.rop.code.RegisterSpec.matchesVariable(Lcom/android/dx/rop/code/RegisterSpec;)Z @ 59
Event: 16.724 Thread 0x0000000000b6e000 Uncommon trap: reason=unstable_if action=reinterpret pc=0x0000000002c910e4 method=java.util.ArrayList.<init>(I)V @ 5
Event: 16.873 Thread 0x0000000000b6e000 Uncommon trap: reason=unstable_if action=reinterpret pc=0x0000000002fc2ec4 method=com.android.dx.util.ByteArrayAnnotatedOutput.writeByte(I)V @ 13

Internal exceptions (6 events):
Event: 0.039 Thread 0x0000000000b6e000 Exception <a 'java/lang/NoSuchMethodError': Method sun.misc.Unsafe.defineClass(Ljava/lang/String;[BII)Ljava/lang/Class; name or signature does not match> (0x00000000eab07cc0) thrown at [C:\src\android\AOSP-openjdk\external\jetbrains\jdk\hotspot\src\share\v›§õ2¤?
Event: 0.039 Thread 0x0000000000b6e000 Exception <a 'java/lang/NoSuchMethodError': Method sun.misc.Unsafe.prefetchRead(Ljava/lang/Object;J)V name or signature does not match> (0x00000000eab07fa8) thrown at [C:\src\android\AOSP-openjdk\external\jetbrains\jdk\hotspot\src\share\vm\prims\jni.cpp, l¥ÜÝ;`Å @
Event: 8.385 Thread 0x0000000016703000 Implicit null exception at 0x0000000002c10a32 to 0x0000000002c13ab9
Event: 11.600 Thread 0x0000000016742800 Exception <a 'java/lang/ArrayIndexOutOfBoundsException': 18> (0x00000000eab894c0) thrown at [C:\src\android\AOSP-openjdk\external\jetbrains\jdk\hotspot\src\share\vm\interpreter\interpreterRuntime.cpp, line 366]
Event: 11.601 Thread 0x0000000016742800 Exception <a 'java/lang/ArrayIndexOutOfBoundsException'> (0x00000000eab8b040) thrown at [C:\src\android\AOSP-openjdk\external\jetbrains\jdk\hotspot\src\share\vm\runtime\sharedRuntime.cpp, line 605]
Event: 13.003 Thread 0x0000000016742800 Exception <a 'java/lang/ArrayIndexOutOfBoundsException'> (0x00000000eab8c328) thrown at [C:\src\android\AOSP-openjdk\external\jetbrains\jdk\hotspot\src\share\vm\runtime\sharedRuntime.cpp, line 605]

Events (10 events):
Event: 16.761 loading class com/android/dex/EncodedValueCodec done
Event: 16.867 loading class com/android/dx/dex/file/MapItem
Event: 16.867 loading class com/android/dx/dex/file/MapItem done
Event: 16.868 loading class com/android/dx/dex/file/UniformListItem
Event: 16.868 loading class com/android/dx/dex/file/UniformListItem done
Event: 16.872 loading class com/android/dex/DexFormat
Event: 16.872 loading class com/android/dex/DexFormat done
Event: 16.873 Thread 0x0000000000b6e000 Uncommon trap: trap_request=0xffffff65 fr.pc=0x0000000002fc2ec4
Event: 16.873 Thread 0x0000000000b6e000 DEOPT PACKING pc=0x0000000002fc2ec4 sp=0x000000000245ec40
Event: 16.873 Thread 0x0000000000b6e000 DEOPT UNPACKING pc=0x00000000025a556a sp=0x000000000245ebf8 mode 2


Dynamic libraries:
0x00007ff633280000 - 0x00007ff6332b1000 	C:\Program Files\Android\Android Studio\jre\bin\java.exe
0x00007ff905720000 - 0x00007ff9058f1000 	C:\WINDOWS\SYSTEM32\ntdll.dll
0x00007ff902cb0000 - 0x00007ff902d5b000 	C:\WINDOWS\System32\KERNEL32.DLL
0x00007ff902040000 - 0x00007ff90225d000 	C:\WINDOWS\System32\KERNELBASE.dll
0x00007ff9045f0000 - 0x00007ff904692000 	C:\WINDOWS\System32\ADVAPI32.dll
0x00007ff904a40000 - 0x00007ff904ade000 	C:\WINDOWS\System32\msvcrt.dll
0x00007ff904df0000 - 0x00007ff904e49000 	C:\WINDOWS\System32\sechost.dll
0x00007ff904800000 - 0x00007ff904921000 	C:\WINDOWS\System32\RPCRT4.dll
0x00007ff904ae0000 - 0x00007ff904c45000 	C:\WINDOWS\System32\USER32.dll
0x00007ff901d80000 - 0x00007ff901d9e000 	C:\WINDOWS\System32\win32u.dll
0x00007ff904550000 - 0x00007ff904584000 	C:\WINDOWS\System32\GDI32.dll
0x00007ff901e50000 - 0x00007ff901fd2000 	C:\WINDOWS\System32\gdi32full.dll
0x00007ff8f7430000 - 0x00007ff8f76a9000 	C:\WINDOWS\WinSxS\amd64_microsoft.windows.common-controls_6595b64144ccf1df_6.0.14393.447_none_42191651c6827bb3\COMCTL32.dll
0x00007ff904280000 - 0x00007ff904547000 	C:\WINDOWS\System32\combase.dll
0x00007ff902b10000 - 0x00007ff902c05000 	C:\WINDOWS\System32\ucrtbase.dll
0x00007ff901c10000 - 0x00007ff901c7a000 	C:\WINDOWS\System32\bcryptPrimitives.dll
0x00007ff9052c0000 - 0x00007ff9052ee000 	C:\WINDOWS\System32\IMM32.DLL
0x0000000052fd0000 - 0x00000000530a2000 	C:\Program Files\Android\Android Studio\jre\jre\bin\msvcr100.dll
0x0000000053190000 - 0x00000000539c4000 	C:\Program Files\Android\Android Studio\jre\jre\bin\server\jvm.dll
0x00007ff9052b0000 - 0x00007ff9052b8000 	C:\WINDOWS\System32\PSAPI.DLL
0x00007ff8f2500000 - 0x00007ff8f2509000 	C:\WINDOWS\SYSTEM32\WSOCK32.dll
0x00007ff904930000 - 0x00007ff90499a000 	C:\WINDOWS\System32\WS2_32.dll
0x00007ff8ff010000 - 0x00007ff8ff033000 	C:\WINDOWS\SYSTEM32\WINMM.dll
0x00007ff8f3e90000 - 0x00007ff8f3e9a000 	C:\WINDOWS\SYSTEM32\VERSION.dll
0x00007ff8fec90000 - 0x00007ff8fecbb000 	C:\WINDOWS\SYSTEM32\WINMMBASE.dll
0x00007ff901d30000 - 0x00007ff901d72000 	C:\WINDOWS\System32\cfgmgr32.dll
0x00007ff8ff9f0000 - 0x00007ff8ff9ff000 	C:\Program Files\Android\Android Studio\jre\jre\bin\verify.dll
0x00007ff8e8a10000 - 0x00007ff8e8a39000 	C:\Program Files\Android\Android Studio\jre\jre\bin\java.dll
0x00007ff8f7720000 - 0x00007ff8f7736000 	C:\Program Files\Android\Android Studio\jre\jre\bin\zip.dll
0x00007ff902d70000 - 0x00007ff904279000 	C:\WINDOWS\System32\SHELL32.dll
0x00007ff902260000 - 0x00007ff90293a000 	C:\WINDOWS\System32\windows.storage.dll
0x00007ff901bb0000 - 0x00007ff901bfc000 	C:\WINDOWS\System32\powrprof.dll
0x00007ff904590000 - 0x00007ff9045e2000 	C:\WINDOWS\System32\shlwapi.dll
0x00007ff901b80000 - 0x00007ff901b8f000 	C:\WINDOWS\System32\kernel.appcore.dll
0x00007ff901c80000 - 0x00007ff901d29000 	C:\WINDOWS\System32\shcore.dll
0x00007ff901b90000 - 0x00007ff901ba4000 	C:\WINDOWS\System32\profapi.dll
0x00007ff8f1840000 - 0x00007ff8f19d2000 	C:\WINDOWS\SYSTEM32\dbghelp.dll

VM Arguments:
jvm_args: -Djava.awt.headless=true -Xmx1024M -Dfile.encoding=windows-1252 -Duser.country=ES -Duser.language=es -Duser.variant 
java_command: com.android.dx.command.Main --dex --num-threads=4 --output F:\Daniel Gutierrez\Proyectos\LOTRADING\AppWarehouse_refactor\app\build\intermediates\pre-dexed\debug\httpcore-4.3_a0673305b8c1585dfa62d549471cf27a8dc787f8.jar F:\Daniel Gutierrez\Proyectos\LOTRADING\AppWarehouse_refactor\app\libs\httpcore-4.3.jar
java_class_path (initial): C:\Android\sdk\build-tools\23.0.3\lib\dx.jar
Launcher Type: SUN_STANDARD

Environment Variables:
JAVA_HOME=C:\Program Files (x86)\Java\jdk1.7.0_79
PATH=C:\Program Files\Java\jdk1.6.0_45\bin;C:\WINDOWS\system32;C:\WINDOWS;C:\WINDOWS\System32\Wbem;C:\WINDOWS\System32\WindowsPowerShell\v1.0\;C:\Program Files (x86)\Common Files\lenovo\easyplussdk\bin;C:\Program Files (x86)\ATI Technologies\ATI.ACE\Core-Static;C:\Program Files\Intel\WiFi\bin\;C:\Program Files\Common Files\Intel\WirelessCommon\;C:\Program Files (x86)\Skype\Phone\;C:\Program Files (x86)\Microsoft SQL Server\Client SDK\ODBC\130\Tools\Binn\;C:\Program Files (x86)\Microsoft SQL Server\130\Tools\Binn\;C:\Program Files (x86)\Microsoft SQL Server\130\DTS\Binn\;C:\Program Files (x86)\Microsoft SQL Server\130\Tools\Binn\ManagementStudio\;%USERPROFILE%\.dnx\bin;C:\Program Files\Microsoft DNX\Dnvm\;C:\Program Files\Microsoft SQL Server\120\Tools\Binn\;C:\Program Files\Microsoft SQL Server\130\Tools\Binn\;C:\Program Files\TortoiseSVN\bin;C:\Program Files\VisualSVN Server\bin;C:\Program Files\Git\cmd;C:\Ruby19\bin;C:\Program Files (x86)\Notepad++;C:\Ruby193\bin;C:\Program Files (x86)\Sophos\Sophos SSL VPN Client\bin;C:\Users\DESARROLLO PORTATIL\AppData\Local\Microsoft\WindowsApps
USERNAME=DESARROLLO PORTATIL
OS=Windows_NT
PROCESSOR_IDENTIFIER=Intel64 Family 6 Model 78 Stepping 3, GenuineIntel



---------------  S Y S T E M  ---------------

OS: Windows 10.0 , 64 bit Build 14393 (10.0.14393.0)

CPU:total 4 (2 cores per cpu, 2 threads per core) family 6 model 78 stepping 3, cmov, cx8, fxsr, mmx, sse, sse2, sse3, ssse3, sse4.1, sse4.2, popcnt, avx, avx2, aes, clmul, erms, 3dnowpref, lzcnt, ht, tsc, tscinvbit, bmi1, bmi2, adx

Memory: 4k page, physical 6146824k(400148k free), swap 13486856k(2592816k free)

vm_info: OpenJDK 64-Bit Server VM (25.76-b03) for windows-amd64 JRE (1.8.0_76-release-b03), built on Jun 29 2016 19:09:20 by "ralucas" with MS VC++ 10.0 (VS2010)

time: Tue Dec 13 10:37:51 2016
elapsed time: 23 seconds (0d 0h 0m 23s)

